# JRE version: Java(TM) SE Runtime Environment (19.0.1+10) (build 19.0.1+10-21)
# Java VM: Java HotSpot(TM) 64-Bit Server VM (19.0.1+10-21, mixed mode, emulated-client, sharing, tiered, compressed oops, compressed class ptrs, g1 gc, windows-amd64)
GC Precious Log:
 CardTable entry size: 512
 Card Set container configuration: InlinePtr #cards 4 size 8 Array Of Cards #cards 16 size 48 Howl #buckets 8 coarsen threshold 3686 Howl Bitmap #cards 512 size 80 coarsen threshold 460 Card regions per heap region 1 cards per card region 4096
 CPUs: 12 total, 12 available
 Memory: 14204M
 Large Page Support: Disabled
 NUMA Support: Disabled
 Compressed Oops: Enabled (Zero based)
 Heap Region Size: 2M
 Heap Min Capacity: 8M
 Heap Initial Capacity: 222M
 Heap Max Capacity: 3552M
 Pre-touch: Disabled
 Parallel Workers: 10
 Concurrent Workers: 3
 Concurrent Refinement Workers: 10
 Periodic GC: Disabled
Heap:
 garbage-first heap   total 847872K, used 336412K [0x0000000722000000, 0x0000000800000000)
  region size 2048K, 6 young (12288K), 6 survivors (12288K)
 Metaspace       used 75050K, committed 75840K, reserved 1179648K
  class space    used 9444K, committed 9856K, reserved 1048576K
GC Heap History (20 events):
Event: 30147.425 GC heap after
{Heap after GC invocations=124 (full 4):
 garbage-first heap   total 847872K, used 300033K [0x0000000722000000, 0x0000000800000000)
  region size 2048K, 1 young (2048K), 1 survivors (2048K)
 Metaspace       used 72937K, committed 73792K, reserved 1114112K
  class space    used 9175K, committed 9536K, reserved 1048576K
}
Event: 31942.042 GC heap before
{Heap before GC invocations=124 (full 4):
 garbage-first heap   total 847872K, used 717825K [0x0000000722000000, 0x0000000800000000)
  region size 2048K, 205 young (419840K), 1 survivors (2048K)
 Metaspace       used 72939K, committed 73792K, reserved 1114112K
  class space    used 9176K, committed 9536K, reserved 1048576K
}
Event: 31942.080 GC heap after
{Heap after GC invocations=125 (full 4):
 garbage-first heap   total 847872K, used 300187K [0x0000000722000000, 0x0000000800000000)
  region size 2048K, 1 young (2048K), 1 survivors (2048K)
 Metaspace       used 72939K, committed 73792K, reserved 1114112K
  class space    used 9176K, committed 9536K, reserved 1048576K
}
Event: 33746.309 GC heap before
{Heap before GC invocations=126 (full 4):
 garbage-first heap   total 847872K, used 726171K [0x0000000722000000, 0x0000000800000000)
  region size 2048K, 209 young (428032K), 1 survivors (2048K)
 Metaspace       used 72944K, committed 73792K, reserved 1114112K
  class space    used 9177K, committed 9536K, reserved 1048576K
}
Event: 33746.348 GC heap after
{Heap after GC invocations=127 (full 4):
 garbage-first heap   total 847872K, used 299864K [0x0000000722000000, 0x0000000800000000)
  region size 2048K, 1 young (2048K), 1 survivors (2048K)
 Metaspace       used 72944K, committed 73792K, reserved 1114112K
  class space    used 9177K, committed 9536K, reserved 1048576K
}
Event: 33746.368 GC heap before
{Heap before GC invocations=127 (full 4):
 garbage-first heap   total 847872K, used 301912K [0x0000000722000000, 0x0000000800000000)
  region size 2048K, 3 young (6144K), 1 survivors (2048K)
 Metaspace       used 72944K, committed 73792K, reserved 1114112K
  class space    used 9177K, committed 9536K, reserved 1048576K
}
Event: 33747.907 GC heap after
{Heap after GC invocations=128 (full 5):
 garbage-first heap   total 847872K, used 250095K [0x0000000722000000, 0x0000000800000000)
  region size 2048K, 0 young (0K), 0 survivors (0K)
 Metaspace       used 72931K, committed 73792K, reserved 1114112K
  class space    used 9174K, committed 9536K, reserved 1048576K
}
Event: 33750.219 GC heap before
{Heap before GC invocations=128 (full 5):
 garbage-first heap   total 847872K, used 413935K [0x0000000722000000, 0x0000000800000000)
  region size 2048K, 82 young (167936K), 0 survivors (0K)
 Metaspace       used 73814K, committed 74560K, reserved 1179648K
  class space    used 9305K, committed 9664K, reserved 1048576K
}
Event: 33750.260 GC heap after
{Heap after GC invocations=129 (full 5):
 garbage-first heap   total 847872K, used 264907K [0x0000000722000000, 0x0000000800000000)
  region size 2048K, 8 young (16384K), 8 survivors (16384K)
 Metaspace       used 73814K, committed 74560K, reserved 1179648K
  class space    used 9305K, committed 9664K, reserved 1048576K
}
Event: 33752.435 GC heap before
{Heap before GC invocations=130 (full 5):
 garbage-first heap   total 847872K, used 703179K [0x0000000722000000, 0x0000000800000000)
  region size 2048K, 218 young (446464K), 8 survivors (16384K)
 Metaspace       used 73814K, committed 74560K, reserved 1179648K
  class space    used 9305K, committed 9664K, reserved 1048576K
}
Event: 33752.596 GC heap after
{Heap after GC invocations=131 (full 5):
 garbage-first heap   total 847872K, used 289476K [0x0000000722000000, 0x0000000800000000)
  region size 2048K, 18 young (36864K), 18 survivors (36864K)
 Metaspace       used 73814K, committed 74560K, reserved 1179648K
  class space    used 9305K, committed 9664K, reserved 1048576K
}
Event: 33752.604 GC heap before
{Heap before GC invocations=131 (full 5):
 garbage-first heap   total 847872K, used 293572K [0x0000000722000000, 0x0000000800000000)
  region size 2048K, 20 young (40960K), 18 survivors (36864K)
 Metaspace       used 73814K, committed 74560K, reserved 1179648K
  class space    used 9305K, committed 9664K, reserved 1048576K
}
Event: 33752.971 GC heap after
{Heap after GC invocations=132 (full 5):
 garbage-first heap   total 847872K, used 291860K [0x0000000722000000, 0x0000000800000000)
  region size 2048K, 2 young (4096K), 2 survivors (4096K)
 Metaspace       used 73814K, committed 74560K, reserved 1179648K
  class space    used 9305K, committed 9664K, reserved 1048576K
}
Event: 33753.077 GC heap before
{Heap before GC invocations=132 (full 5):
 garbage-first heap   total 847872K, used 338964K [0x0000000722000000, 0x0000000800000000)
  region size 2048K, 27 young (55296K), 2 survivors (4096K)
 Metaspace       used 73814K, committed 74560K, reserved 1179648K
  class space    used 9305K, committed 9664K, reserved 1048576K
}
Event: 33753.078 GC heap after
{Heap after GC invocations=133 (full 5):
 garbage-first heap   total 847872K, used 291211K [0x0000000722000000, 0x0000000800000000)
  region size 2048K, 2 young (4096K), 2 survivors (4096K)
 Metaspace       used 73814K, committed 74560K, reserved 1179648K
  class space    used 9305K, committed 9664K, reserved 1048576K
}
Event: 33810.890 GC heap before
{Heap before GC invocations=134 (full 5):
 garbage-first heap   total 847872K, used 713099K [0x0000000722000000, 0x0000000800000000)
  region size 2048K, 205 young (419840K), 2 survivors (4096K)
 Metaspace       used 75050K, committed 75840K, reserved 1179648K
  class space    used 9444K, committed 9856K, reserved 1048576K
}
Event: 33810.903 GC heap after
{Heap after GC invocations=135 (full 5):
 garbage-first heap   total 847872K, used 325883K [0x0000000722000000, 0x0000000800000000)
  region size 2048K, 17 young (34816K), 17 survivors (34816K)
 Metaspace       used 75050K, committed 75840K, reserved 1179648K
  class space    used 9444K, committed 9856K, reserved 1048576K
}
Event: 33810.915 GC heap before
{Heap before GC invocations=135 (full 5):
 garbage-first heap   total 847872K, used 332027K [0x0000000722000000, 0x0000000800000000)
  region size 2048K, 20 young (40960K), 17 survivors (34816K)
 Metaspace       used 75050K, committed 75840K, reserved 1179648K
  class space    used 9444K, committed 9856K, reserved 1048576K
}
Event: 33810.987 GC heap after
{Heap after GC invocations=136 (full 5):
 garbage-first heap   total 847872K, used 327701K [0x0000000722000000, 0x0000000800000000)
  region size 2048K, 2 young (4096K), 2 survivors (4096K)
 Metaspace       used 75050K, committed 75840K, reserved 1179648K
  class space    used 9444K, committed 9856K, reserved 1048576K
}
Event: 33811.380 GC heap before
{Heap before GC invocations=136 (full 5):
 garbage-first heap   total 847872K, used 552981K [0x0000000722000000, 0x0000000800000000)
  region size 2048K, 114 young (233472K), 2 survivors (4096K)
 Metaspace       used 75050K, committed 75840K, reserved 1179648K
  class space    used 9444K, committed 9856K, reserved 1048576K
}

